<?xml version="1.0" encoding="UTF-8"?>
<!-- Generated by org.testng.reporters.JUnitXMLReporter -->
<testsuite hostname="TekArch" ignored="0" name="Login_Regression" tests="3" failures="1" timestamp="12 Apr 2023 17:42:15 GMT" time="63.771" errors="0">
  <testcase name="loginTest2" time="35.952" classname="tests.LoginTest"/>
  <testcase name="loginTest" time="41.022" classname="tests.LoginTest">
    <failure type="java.lang.AssertionError" message="Failed to logout expected [true] but found [false]">
      <![CDATA[java.lang.AssertionError: Failed to logout expected [true] but found [false]
	at tests.LoginTest.loginTest(LoginTest.java:53)
	at java.util.concurrent.ThreadPoolExecutor.runWorker(Unknown Source)
	at java.util.concurrent.ThreadPoolExecutor$Worker.run(Unknown Source)
	at java.lang.Thread.run(Unknown Source)
... Removed 13 stack frames]]>
    </failure>
  </testcase> <!-- loginTest -->
  <testcase name="loginTest1" time="54.369" classname="tests.LoginTest"/>
</testsuite> <!-- Login_Regression -->
