<?xml version="1.0" encoding="UTF-8"?>
<!-- Generated by org.testng.reporters.JUnitXMLReporter -->
<testsuite hostname="TekArch" ignored="2" name="Test" tests="2" failures="1" timestamp="10 Apr 2023 18:43:45 GMT" time="108.879" errors="0">
  <testcase name="loginTest" time="22.847" classname="tests.LoginTest">
    <failure type="java.lang.AssertionError" message="Failed to logout expected [true] but found [false]">
      <![CDATA[java.lang.AssertionError: Failed to logout expected [true] but found [false]
	at tests.LoginTest.loginTest(LoginTest.java:53)
... Removed 28 stack frames]]>
    </failure>
  </testcase> <!-- loginTest -->
  <testcase name="userMenu_TC06" time="74.169" classname="tests.UserMenuTest"/>
  <testcase name="@AfterSuite tearDown" time="0.0" classname="tests.BaseTest">
    <ignored/>
  </testcase> <!-- @AfterSuite tearDown -->
  <testcase name="@BeforeSuite setUp" time="0.0" classname="tests.BaseTest">
    <ignored/>
  </testcase> <!-- @BeforeSuite setUp -->
</testsuite> <!-- Test -->
