<?xml version="1.0" encoding="UTF-8"?>
<!-- Generated by org.testng.reporters.JUnitXMLReporter -->
<testsuite hostname="TekArch" ignored="0" name="Test" tests="4" failures="1" timestamp="12 Apr 2023 17:02:22 GMT" time="39.927" errors="0">
  <testcase name="loginTest" time="24.479" classname="tests.LoginTest">
    <failure type="java.lang.AssertionError" message="Failed to logout expected [true] but found [false]">
      <![CDATA[java.lang.AssertionError: Failed to logout expected [true] but found [false]
	at tests.LoginTest.loginTest(LoginTest.java:53)
... Removed 28 stack frames]]>
    </failure>
  </testcase> <!-- loginTest -->
  <testcase name="loginTest3" time="0.011" classname="tests.LoginTest"/>
  <testcase name="loginTest3" time="0.002" classname="tests.LoginTest"/>
  <testcase name="loginTest3" time="0.002" classname="tests.LoginTest"/>
</testsuite> <!-- Test -->
