<?xml version="1.0" encoding="UTF-8"?>
<testng-results skipped="0" failed="1" ignored="0" total="3" passed="2">
  <reporter-output>
  </reporter-output>
  <suite name="Regression" duration-ms="63771" started-at="2023-04-12T17:41:12Z" finished-at="2023-04-12T17:42:15Z">
    <groups>
    </groups>
    <test name="Login_Regression" duration-ms="63771" started-at="2023-04-12T17:41:12Z" finished-at="2023-04-12T17:42:15Z">
      <class name="tests.LoginTest">
        <test-method status="PASS" signature="setUp()[pri:0, instance:tests.LoginTest@660acfb]" name="setUp" is-config="true" duration-ms="542" started-at="2023-04-12T10:41:11Z" finished-at="2023-04-12T10:41:12Z">
          <reporter-output>
          </reporter-output>
        </test-method> <!-- setUp -->
        <test-method status="PASS" signature="setDriver(java.lang.reflect.Method, java.lang.String, boolean)[pri:0, instance:tests.LoginTest@660acfb]" name="setDriver" is-config="true" duration-ms="8345" started-at="2023-04-12T10:41:12Z" finished-at="2023-04-12T10:41:20Z">
          <params>
            <param index="0">
              <value>
                <![CDATA[public void tests.LoginTest.loginTest2() throws java.io.IOException]]>
              </value>
            </param>
            <param index="1">
              <value>
                <![CDATA[chrome]]>
              </value>
            </param>
            <param index="2">
              <value>
                <![CDATA[false]]>
              </value>
            </param>
          </params>
          <reporter-output>
          </reporter-output>
        </test-method> <!-- setDriver -->
        <test-method status="PASS" signature="setDriver(java.lang.reflect.Method, java.lang.String, boolean)[pri:0, instance:tests.LoginTest@660acfb]" name="setDriver" is-config="true" duration-ms="8346" started-at="2023-04-12T10:41:12Z" finished-at="2023-04-12T10:41:20Z">
          <params>
            <param index="0">
              <value>
                <![CDATA[public void tests.LoginTest.loginTest() throws java.io.IOException,java.lang.InterruptedException]]>
              </value>
            </param>
            <param index="1">
              <value>
                <![CDATA[chrome]]>
              </value>
            </param>
            <param index="2">
              <value>
                <![CDATA[false]]>
              </value>
            </param>
          </params>
          <reporter-output>
          </reporter-output>
        </test-method> <!-- setDriver -->
        <test-method status="PASS" signature="setDriver(java.lang.reflect.Method, java.lang.String, boolean)[pri:0, instance:tests.LoginTest@660acfb]" name="setDriver" is-config="true" duration-ms="8498" started-at="2023-04-12T10:41:12Z" finished-at="2023-04-12T10:41:20Z">
          <params>
            <param index="0">
              <value>
                <![CDATA[public void tests.LoginTest.loginTest1() throws java.io.IOException]]>
              </value>
            </param>
            <param index="1">
              <value>
                <![CDATA[chrome]]>
              </value>
            </param>
            <param index="2">
              <value>
                <![CDATA[false]]>
              </value>
            </param>
          </params>
          <reporter-output>
          </reporter-output>
        </test-method> <!-- setDriver -->
        <test-method status="PASS" signature="loginTest2()[pri:0, instance:tests.LoginTest@660acfb]" name="loginTest2" duration-ms="35952" started-at="2023-04-12T10:41:20Z" finished-at="2023-04-12T10:41:56Z">
          <reporter-output>
          </reporter-output>
        </test-method> <!-- loginTest2 -->
        <test-method status="FAIL" signature="loginTest()[pri:0, instance:tests.LoginTest@660acfb]" name="loginTest" duration-ms="41022" started-at="2023-04-12T10:41:20Z" finished-at="2023-04-12T10:42:01Z">
          <exception class="java.lang.AssertionError">
            <message>
              <![CDATA[Failed to logout expected [true] but found [false]]]>
            </message>
            <full-stacktrace>
              <![CDATA[java.lang.AssertionError: Failed to logout expected [true] but found [false]
	at org.testng.Assert.fail(Assert.java:93)
	at org.testng.Assert.failNotEquals(Assert.java:512)
	at org.testng.Assert.assertTrue(Assert.java:41)
	at tests.LoginTest.loginTest(LoginTest.java:53)
	at sun.reflect.NativeMethodAccessorImpl.invoke0(Native Method)
	at sun.reflect.NativeMethodAccessorImpl.invoke(Unknown Source)
	at sun.reflect.DelegatingMethodAccessorImpl.invoke(Unknown Source)
	at java.lang.reflect.Method.invoke(Unknown Source)
	at org.testng.internal.MethodInvocationHelper.invokeMethod(MethodInvocationHelper.java:108)
	at org.testng.internal.Invoker.invokeMethod(Invoker.java:661)
	at org.testng.internal.Invoker.invokeTestMethod(Invoker.java:869)
	at org.testng.internal.Invoker.invokeTestMethods(Invoker.java:1193)
	at org.testng.internal.TestMethodWorker.invokeTestMethods(TestMethodWorker.java:126)
	at org.testng.internal.TestMethodWorker.run(TestMethodWorker.java:109)
	at java.util.concurrent.ThreadPoolExecutor.runWorker(Unknown Source)
	at java.util.concurrent.ThreadPoolExecutor$Worker.run(Unknown Source)
	at java.lang.Thread.run(Unknown Source)
]]>
            </full-stacktrace>
          </exception> <!-- java.lang.AssertionError -->
          <reporter-output>
          </reporter-output>
        </test-method> <!-- loginTest -->
        <test-method status="PASS" signature="loginTest1()[pri:0, instance:tests.LoginTest@660acfb]" name="loginTest1" duration-ms="54369" started-at="2023-04-12T10:41:20Z" finished-at="2023-04-12T10:42:14Z">
          <reporter-output>
          </reporter-output>
        </test-method> <!-- loginTest1 -->
        <test-method status="PASS" signature="removeDriver()[pri:0, instance:tests.LoginTest@660acfb]" name="removeDriver" is-config="true" duration-ms="18249" started-at="2023-04-12T10:41:56Z" finished-at="2023-04-12T10:42:14Z">
          <reporter-output>
          </reporter-output>
        </test-method> <!-- removeDriver -->
        <test-method status="PASS" signature="removeDriver()[pri:0, instance:tests.LoginTest@660acfb]" name="removeDriver" is-config="true" duration-ms="10366" started-at="2023-04-12T10:42:02Z" finished-at="2023-04-12T10:42:13Z">
          <reporter-output>
          </reporter-output>
        </test-method> <!-- removeDriver -->
        <test-method status="PASS" signature="removeDriver()[pri:0, instance:tests.LoginTest@660acfb]" name="removeDriver" is-config="true" duration-ms="812" started-at="2023-04-12T10:42:15Z" finished-at="2023-04-12T10:42:15Z">
          <reporter-output>
          </reporter-output>
        </test-method> <!-- removeDriver -->
        <test-method status="PASS" signature="tearDown()[pri:0, instance:tests.LoginTest@660acfb]" name="tearDown" is-config="true" duration-ms="1379" started-at="2023-04-12T10:42:15Z" finished-at="2023-04-12T10:42:17Z">
          <reporter-output>
          </reporter-output>
        </test-method> <!-- tearDown -->
      </class> <!-- tests.LoginTest -->
    </test> <!-- Login_Regression -->
  </suite> <!-- Regression -->
</testng-results>
